This is pdfTeX, Version 3.14159265-2.6-1.40.18 (TeX Live 2017/Debian) (preloaded format=pdflatex 2019.5.30)  17 JUN 2019 15:08
entering extended mode
 restricted \write18 enabled.
 %&-line parsing enabled.
**methods.tex
(./methods.tex
LaTeX2e <2017-04-15>
Babel <3.18> and hyphenation patterns for 7 language(s) loaded.
(/usr/share/texlive/texmf-dist/tex/latex/base/article.cls
Document Class: article 2014/09/29 v1.4h Standard LaTeX document class
(/usr/share/texlive/texmf-dist/tex/latex/base/size11.clo
File: size11.clo 2014/09/29 v1.4h Standard LaTeX file (size option)
)
\c@part=\count79
\c@section=\count80
\c@subsection=\count81
\c@subsubsection=\count82
\c@paragraph=\count83
\c@subparagraph=\count84
\c@figure=\count85
\c@table=\count86
\abovecaptionskip=\skip41
\belowcaptionskip=\skip42
\bibindent=\dimen102
)
(/usr/share/texlive/texmf-dist/tex/latex/cite/cite.sty
LaTeX Info: Redefining \cite on input line 302.
LaTeX Info: Redefining \nocite on input line 332.
Package: cite 2015/02/27  v 5.5
)
(/usr/share/texlive/texmf-dist/tex/latex/amsmath/amsmath.sty
Package: amsmath 2017/09/02 v2.17a AMS math features
\@mathmargin=\skip43

For additional information on amsmath, use the `?' option.
(/usr/share/texlive/texmf-dist/tex/latex/amsmath/amstext.sty
Package: amstext 2000/06/29 v2.01 AMS text

(/usr/share/texlive/texmf-dist/tex/latex/amsmath/amsgen.sty
File: amsgen.sty 1999/11/30 v2.0 generic functions
\@emptytoks=\toks14
\ex@=\dimen103
))
(/usr/share/texlive/texmf-dist/tex/latex/amsmath/amsbsy.sty
Package: amsbsy 1999/11/29 v1.2d Bold Symbols
\pmbraise@=\dimen104
)
(/usr/share/texlive/texmf-dist/tex/latex/amsmath/amsopn.sty
Package: amsopn 2016/03/08 v2.02 operator names
)
\inf@bad=\count87
LaTeX Info: Redefining \frac on input line 213.
\uproot@=\count88
\leftroot@=\count89
LaTeX Info: Redefining \overline on input line 375.
\classnum@=\count90
\DOTSCASE@=\count91
LaTeX Info: Redefining \ldots on input line 472.
LaTeX Info: Redefining \dots on input line 475.
LaTeX Info: Redefining \cdots on input line 596.
\Mathstrutbox@=\box26
\strutbox@=\box27
\big@size=\dimen105
LaTeX Font Info:    Redeclaring font encoding OML on input line 712.
LaTeX Font Info:    Redeclaring font encoding OMS on input line 713.
\macc@depth=\count92
\c@MaxMatrixCols=\count93
\dotsspace@=\muskip10
\c@parentequation=\count94
\dspbrk@lvl=\count95
\tag@help=\toks15
\row@=\count96
\column@=\count97
\maxfields@=\count98
\andhelp@=\toks16
\eqnshift@=\dimen106
\alignsep@=\dimen107
\tagshift@=\dimen108
\tagwidth@=\dimen109
\totwidth@=\dimen110
\lineht@=\dimen111
\@envbody=\toks17
\multlinegap=\skip44
\multlinetaggap=\skip45
\mathdisplay@stack=\toks18
LaTeX Info: Redefining \[ on input line 2817.
LaTeX Info: Redefining \] on input line 2818.
)
(/usr/share/texlive/texmf-dist/tex/latex/algorithms/algorithm.sty
Package: algorithm 2009/08/24 v0.1 Document Style `algorithm' - floating enviro
nment

(/usr/share/texlive/texmf-dist/tex/latex/float/float.sty
Package: float 2001/11/08 v1.3d Float enhancements (AL)
\c@float@type=\count99
\float@exts=\toks19
\float@box=\box28
\@float@everytoks=\toks20
\@floatcapt=\box29
)
(/usr/share/texlive/texmf-dist/tex/latex/base/ifthen.sty
Package: ifthen 2014/09/29 v1.1c Standard LaTeX ifthen package (DPC)
)
\@float@every@algorithm=\toks21
\c@algorithm=\count100
)
(/usr/share/texlive/texmf-dist/tex/latex/algorithms/algorithmic.sty
Package: algorithmic 2009/08/24 v0.1 Document Style `algorithmic'

(/usr/share/texlive/texmf-dist/tex/latex/graphics/keyval.sty
Package: keyval 2014/10/28 v1.15 key=value parser (DPC)
\KV@toks@=\toks22
)
\c@ALC@unique=\count101
\c@ALC@line=\count102
\c@ALC@rem=\count103
\c@ALC@depth=\count104
\ALC@tlm=\skip46
\algorithmicindent=\skip47
)
(/usr/share/texlive/texmf-dist/tex/latex/graphics/graphicx.sty
Package: graphicx 2017/06/01 v1.1a Enhanced LaTeX Graphics (DPC,SPQR)

(/usr/share/texlive/texmf-dist/tex/latex/graphics/graphics.sty
Package: graphics 2017/06/25 v1.2c Standard LaTeX Graphics (DPC,SPQR)

(/usr/share/texlive/texmf-dist/tex/latex/graphics/trig.sty
Package: trig 2016/01/03 v1.10 sin cos tan (DPC)
)
(/usr/share/texlive/texmf-dist/tex/latex/graphics-cfg/graphics.cfg
File: graphics.cfg 2016/06/04 v1.11 sample graphics configuration
)
Package graphics Info: Driver file: pdftex.def on input line 99.

(/usr/share/texlive/texmf-dist/tex/latex/graphics-def/pdftex.def
File: pdftex.def 2018/01/08 v1.0l Graphics/color driver for pdftex
))
\Gin@req@height=\dimen112
\Gin@req@width=\dimen113
)
(/usr/share/texlive/texmf-dist/tex/latex/caption/subcaption.sty
Package: subcaption 2016/05/22 v1.1-161 Sub-captions (AR)

(/usr/share/texlive/texmf-dist/tex/latex/caption/caption.sty
Package: caption 2016/02/21 v3.3-144 Customizing captions (AR)

(/usr/share/texlive/texmf-dist/tex/latex/caption/caption3.sty
Package: caption3 2016/05/22 v1.7-166 caption3 kernel (AR)
Package caption3 Info: TeX engine: e-TeX on input line 67.
\captionmargin=\dimen114
\captionmargin@=\dimen115
\captionwidth=\dimen116
\caption@tempdima=\dimen117
\caption@indent=\dimen118
\caption@parindent=\dimen119
\caption@hangindent=\dimen120
)
\c@ContinuedFloat=\count105
Package caption Info: float package is loaded.
)
\c@subfigure=\count106
\c@subtable=\count107
)
(/usr/share/texlive/texmf-dist/tex/latex/csvsimple/csvsimple.sty
Package: csvsimple 2016/07/01 version 1.20 LaTeX CSV file processing

(/usr/share/texlive/texmf-dist/tex/latex/pgf/utilities/pgfkeys.sty
(/usr/share/texlive/texmf-dist/tex/generic/pgf/utilities/pgfkeys.code.tex
\pgfkeys@pathtoks=\toks23
\pgfkeys@temptoks=\toks24

(/usr/share/texlive/texmf-dist/tex/generic/pgf/utilities/pgfkeysfiltered.code.t
ex
\pgfkeys@tmptoks=\toks25
))) (/usr/share/texlive/texmf-dist/tex/latex/etoolbox/etoolbox.sty
Package: etoolbox 2018/02/11 v2.5e e-TeX tools for LaTeX (JAW)
\etb@tempcnta=\count108
)
(/usr/share/texlive/texmf-dist/tex/latex/tools/shellesc.sty
Package: shellesc 2016/06/07 v0.02a unified shell escape interface for LaTeX
Package shellesc Info: Restricted shell escape enabled on input line 69.
)
\csv@file=\read1
\c@csvinputline=\count109
\c@csvrow=\count110
\c@csvcol=\count111
\csv@out=\write3
) (./methods.aux

LaTeX Warning: Label `tbouniform' multiply defined.


LaTeX Warning: Label `fig:coffee' multiply defined.


LaTeX Warning: Label `fig:coffee' multiply defined.


LaTeX Warning: Label `fig:coffee' multiply defined.


LaTeX Warning: Label `fig:coffee' multiply defined.


LaTeX Warning: Label `fig:coffee' multiply defined.


LaTeX Warning: Label `fig:coffee' multiply defined.


LaTeX Warning: Label `fig:coffee' multiply defined.


LaTeX Warning: Label `fig:coffee' multiply defined.

)
\openout1 = `methods.aux'.

LaTeX Font Info:    Checking defaults for OML/cmm/m/it on input line 13.
LaTeX Font Info:    ... okay on input line 13.
LaTeX Font Info:    Checking defaults for T1/cmr/m/n on input line 13.
LaTeX Font Info:    ... okay on input line 13.
LaTeX Font Info:    Checking defaults for OT1/cmr/m/n on input line 13.
LaTeX Font Info:    ... okay on input line 13.
LaTeX Font Info:    Checking defaults for OMS/cmsy/m/n on input line 13.
LaTeX Font Info:    ... okay on input line 13.
LaTeX Font Info:    Checking defaults for OMX/cmex/m/n on input line 13.
LaTeX Font Info:    ... okay on input line 13.
LaTeX Font Info:    Checking defaults for U/cmr/m/n on input line 13.
LaTeX Font Info:    ... okay on input line 13.
 (/usr/share/texlive/texmf-dist/tex/context/base/mkii/supp-pdf.mkii
[Loading MPS to PDF converter (version 2006.09.02).]
\scratchcounter=\count112
\scratchdimen=\dimen121
\scratchbox=\box30
\nofMPsegments=\count113
\nofMParguments=\count114
\everyMPshowfont=\toks26
\MPscratchCnt=\count115
\MPscratchDim=\dimen122
\MPnumerator=\count116
\makeMPintoPDFobject=\count117
\everyMPtoPDFconversion=\toks27
) (/usr/share/texlive/texmf-dist/tex/latex/oberdiek/epstopdf-base.sty
Package: epstopdf-base 2016/05/15 v2.6 Base part for package epstopdf

(/usr/share/texlive/texmf-dist/tex/generic/oberdiek/infwarerr.sty
Package: infwarerr 2016/05/16 v1.4 Providing info/warning/error messages (HO)
)
(/usr/share/texlive/texmf-dist/tex/latex/oberdiek/grfext.sty
Package: grfext 2016/05/16 v1.2 Manage graphics extensions (HO)

(/usr/share/texlive/texmf-dist/tex/generic/oberdiek/kvdefinekeys.sty
Package: kvdefinekeys 2016/05/16 v1.4 Define keys (HO)

(/usr/share/texlive/texmf-dist/tex/generic/oberdiek/ltxcmds.sty
Package: ltxcmds 2016/05/16 v1.23 LaTeX kernel commands for general use (HO)
)))
(/usr/share/texlive/texmf-dist/tex/latex/oberdiek/kvoptions.sty
Package: kvoptions 2016/05/16 v3.12 Key value format for package options (HO)

(/usr/share/texlive/texmf-dist/tex/generic/oberdiek/kvsetkeys.sty
Package: kvsetkeys 2016/05/16 v1.17 Key value parser (HO)

(/usr/share/texlive/texmf-dist/tex/generic/oberdiek/etexcmds.sty
Package: etexcmds 2016/05/16 v1.6 Avoid name clashes with e-TeX commands (HO)

(/usr/share/texlive/texmf-dist/tex/generic/oberdiek/ifluatex.sty
Package: ifluatex 2016/05/16 v1.4 Provides the ifluatex switch (HO)
Package ifluatex Info: LuaTeX not detected.
)
Package etexcmds Info: Could not find \expanded.
(etexcmds)             That can mean that you are not using pdfTeX 1.50 or
(etexcmds)             that some package has redefined \expanded.
(etexcmds)             In the latter case, load this package earlier.
)))
(/usr/share/texlive/texmf-dist/tex/generic/oberdiek/pdftexcmds.sty
Package: pdftexcmds 2018/01/21 v0.26 Utility functions of pdfTeX for LuaTeX (HO
)

(/usr/share/texlive/texmf-dist/tex/generic/oberdiek/ifpdf.sty
Package: ifpdf 2017/03/15 v3.2 Provides the ifpdf switch
)
Package pdftexcmds Info: LuaTeX not detected.
Package pdftexcmds Info: \pdf@primitive is available.
Package pdftexcmds Info: \pdf@ifprimitive is available.
Package pdftexcmds Info: \pdfdraftmode found.
)
Package epstopdf-base Info: Redefining graphics rule for `.eps' on input line 4
38.
Package grfext Info: Graphics extension search list:
(grfext)             [.pdf,.png,.jpg,.mps,.jpeg,.jbig2,.jb2,.PDF,.PNG,.JPG,.JPE
G,.JBIG2,.JB2,.eps]
(grfext)             \AppendGraphicsExtensions on input line 456.

(/usr/share/texlive/texmf-dist/tex/latex/latexconfig/epstopdf-sys.cfg
File: epstopdf-sys.cfg 2010/07/13 v1.3 Configuration of (r)epstopdf for TeX Liv
e
))
Package caption Info: Begin \AtBeginDocument code.
Package caption Info: End \AtBeginDocument code.


LaTeX Warning: No \author given.

[1

{/var/lib/texmf/fonts/map/pdftex/updmap/pdftex.map}]
Overfull \hbox (1.70662pt too wide) in paragraph at lines 47--48
\OT1/cmr/m/n/10.95 such that the best so-lu-tion is se-lected from $\OML/cmm/m/
it/10.95 random\OT1/cmr/m/n/10.95 (\OML/cmm/m/it/10.95 sorted[]population\OT1/c
mr/m/n/10.95 [\OML/cmm/m/it/10.95 start \OT1/cmr/m/n/10.95 :
 []


Overfull \hbox (0.26828pt too wide) in paragraph at lines 47--48
\OML/cmm/m/it/10.95 m\OT1/cmr/m/n/10.95 ])$, and the worst so-lu-tion is se-lec
ted from $\OML/cmm/m/it/10.95 random\OT1/cmr/m/n/10.95 (\OML/cmm/m/it/10.95 sor
ted[]population\OT1/cmr/m/n/10.95 [\OML/cmm/m/it/10.95 end \OMS/cmsy/m/n/10.95 
^^@
 []

[2] [3] [4] [5] [6]

Package caption Warning: \label without proper reference on input line 197.
See the caption package documentation for explanation.


LaTeX Warning: Reference `tlbopca' on page 7 undefined on input line 195.

<graphs/Control__pca.png, id=33, 462.528pt x 346.896pt>
File: graphs/Control__pca.png Graphic file (type png)
<use graphs/Control__pca.png>
Package pdftex.def Info: graphs/Control__pca.png  used on input line 200.
(pdftex.def)             Requested size: 143.9978pt x 107.99715pt.
<graphs/TLBO__pca.png, id=35, 462.528pt x 346.896pt>
File: graphs/TLBO__pca.png Graphic file (type png)
<use graphs/TLBO__pca.png>
Package pdftex.def Info: graphs/TLBO__pca.png  used on input line 204.
(pdftex.def)             Requested size: 143.9978pt x 107.99715pt.

LaTeX Warning: `!h' float specifier changed to `!ht'.

<graphs/Control_ds5__pca.png, id=36, 462.528pt x 346.896pt>
File: graphs/Control_ds5__pca.png Graphic file (type png)
<use graphs/Control_ds5__pca.png>
Package pdftex.def Info: graphs/Control_ds5__pca.png  used on input line 214.
(pdftex.def)             Requested size: 143.9978pt x 107.99715pt.
<graphs/TLBO_ds5__pca.png, id=37, 462.528pt x 346.896pt>
File: graphs/TLBO_ds5__pca.png Graphic file (type png)
<use graphs/TLBO_ds5__pca.png>
Package pdftex.def Info: graphs/TLBO_ds5__pca.png  used on input line 218.
(pdftex.def)             Requested size: 143.9978pt x 107.99715pt.

LaTeX Warning: `!h' float specifier changed to `!ht'.


Package caption Warning: \label without proper reference on input line 211.
See the caption package documentation for explanation.


LaTeX Warning: Reference `higherpca' on page 7 undefined on input line 225.

[7] [8 <./graphs/Control__pca.png> <./graphs/TLBO__pca.png> <./graphs/Control_d
s5__pca.png> <./graphs/TLBO_ds5__pca.png>]

LaTeX Warning: Citation `mmkp' on page 9 undefined on input line 270.

[9

] [10] [11]
Overfull \hbox (1472.96669pt too wide) in paragraph at lines 290--290
[][] 
 []

<graphs/ds4_matrix.png, id=58, 1387.584pt x 710.4141pt>
File: graphs/ds4_matrix.png Graphic file (type png)
<use graphs/ds4_matrix.png>
Package pdftex.def Info: graphs/ds4_matrix.png  used on input line 295.
(pdftex.def)             Requested size: 360.0pt x 184.31306pt.

Overfull \hbox (17.0pt too wide) in paragraph at lines 295--296
[][] 
 []

[12] [13 <./graphs/ds4_matrix.png>] [14] [15]
Overfull \hbox (304.04909pt too wide) in paragraph at lines 356--356
[][] 
 []


Overfull \hbox (304.04909pt too wide) in paragraph at lines 363--363
[][] 
 []


Overfull \hbox (304.04909pt too wide) in paragraph at lines 371--371
[][] 
 []

[16]
<graphs/Jaya__pca.png, id=76, 462.528pt x 346.896pt>
File: graphs/Jaya__pca.png Graphic file (type png)
<use graphs/Jaya__pca.png>
Package pdftex.def Info: graphs/Jaya__pca.png  used on input line 386.
(pdftex.def)             Requested size: 143.9978pt x 107.99715pt.
<graphs/Jaya_ls__pca.png, id=77, 462.528pt x 346.896pt>
File: graphs/Jaya_ls__pca.png Graphic file (type png)
<use graphs/Jaya_ls__pca.png>
Package pdftex.def Info: graphs/Jaya_ls__pca.png  used on input line 389.
(pdftex.def)             Requested size: 143.9978pt x 107.99715pt.


LaTeX Warning: `!h' float specifier changed to `!ht'.

File: graphs/Jaya__pca.png Graphic file (type png)
<use graphs/Jaya__pca.png>
Package pdftex.def Info: graphs/Jaya__pca.png  used on input line 398.
(pdftex.def)             Requested size: 143.9978pt x 107.99715pt.
File: graphs/Jaya_ls__pca.png Graphic file (type png)
<use graphs/Jaya_ls__pca.png>
Package pdftex.def Info: graphs/Jaya_ls__pca.png  used on input line 401.
(pdftex.def)             Requested size: 143.9978pt x 107.99715pt.

LaTeX Warning: `!h' float specifier changed to `!ht'.

<graphs/TBO__pca.png, id=78, 462.528pt x 346.896pt>
File: graphs/TBO__pca.png Graphic file (type png)
<use graphs/TBO__pca.png>
Package pdftex.def Info: graphs/TBO__pca.png  used on input line 410.
(pdftex.def)             Requested size: 143.9978pt x 107.99715pt.
<graphs/TBO_ls__pca.png, id=79, 462.528pt x 346.896pt>
File: graphs/TBO_ls__pca.png Graphic file (type png)
<use graphs/TBO_ls__pca.png>
Package pdftex.def Info: graphs/TBO_ls__pca.png  used on input line 413.
(pdftex.def)             Requested size: 143.9978pt x 107.99715pt.

LaTeX Warning: `!h' float specifier changed to `!ht'.

<graphs/LBO__pca.png, id=80, 462.528pt x 346.896pt>
File: graphs/LBO__pca.png Graphic file (type png)
<use graphs/LBO__pca.png>
Package pdftex.def Info: graphs/LBO__pca.png  used on input line 422.
(pdftex.def)             Requested size: 143.9978pt x 107.99715pt.
<graphs/LBO_ls__pca.png, id=81, 462.528pt x 346.896pt>
File: graphs/LBO_ls__pca.png Graphic file (type png)
<use graphs/LBO_ls__pca.png>
Package pdftex.def Info: graphs/LBO_ls__pca.png  used on input line 425.
(pdftex.def)             Requested size: 143.9978pt x 107.99715pt.

LaTeX Warning: `!h' float specifier changed to `!ht'.

File: graphs/TLBO__pca.png Graphic file (type png)
<use graphs/TLBO__pca.png>
Package pdftex.def Info: graphs/TLBO__pca.png  used on input line 434.
(pdftex.def)             Requested size: 143.9978pt x 107.99715pt.
<graphs/TLBO_ls__pca.png, id=82, 462.528pt x 346.896pt>
File: graphs/TLBO_ls__pca.png Graphic file (type png)
<use graphs/TLBO_ls__pca.png>
Package pdftex.def Info: graphs/TLBO_ls__pca.png  used on input line 437.
(pdftex.def)             Requested size: 143.9978pt x 107.99715pt.

LaTeX Warning: `!h' float specifier changed to `!ht'.

<graphs/GA__pca.png, id=83, 462.528pt x 346.896pt>
File: graphs/GA__pca.png Graphic file (type png)
<use graphs/GA__pca.png>
Package pdftex.def Info: graphs/GA__pca.png  used on input line 446.
(pdftex.def)             Requested size: 143.9978pt x 107.99715pt.
<graphs/GA_ls__pca.png, id=84, 462.528pt x 346.896pt>
File: graphs/GA_ls__pca.png Graphic file (type png)
<use graphs/GA_ls__pca.png>
Package pdftex.def Info: graphs/GA_ls__pca.png  used on input line 449.
(pdftex.def)             Requested size: 143.9978pt x 107.99715pt.

LaTeX Warning: `!h' float specifier changed to `!ht'.

<graphs/G2JG4TL__pca.png, id=85, 462.528pt x 346.896pt>
File: graphs/G2JG4TL__pca.png Graphic file (type png)
<use graphs/G2JG4TL__pca.png>
Package pdftex.def Info: graphs/G2JG4TL__pca.png  used on input line 458.
(pdftex.def)             Requested size: 143.9978pt x 107.99715pt.
<graphs/G2JG4TL_ls__pca.png, id=86, 462.528pt x 346.896pt>
File: graphs/G2JG4TL_ls__pca.png Graphic file (type png)
<use graphs/G2JG4TL_ls__pca.png>
Package pdftex.def Info: graphs/G2JG4TL_ls__pca.png  used on input line 461.
(pdftex.def)             Requested size: 143.9978pt x 107.99715pt.

LaTeX Warning: `!h' float specifier changed to `!ht'.

[17] [18 <./graphs/Jaya__pca.png> <./graphs/Jaya_ls__pca.png> <./graphs/TBO__pc
a.png> <./graphs/TBO_ls__pca.png>] [19 <./graphs/LBO__pca.png> <./graphs/LBO_ls
__pca.png> <./graphs/TLBO_ls__pca.png> <./graphs/GA__pca.png> <./graphs/GA_ls__
pca.png>] [20 <./graphs/G2JG4TL__pca.png> <./graphs/G2JG4TL_ls__pca.png>]
No file methods.bbl.
(./methods.aux)

LaTeX Warning: There were undefined references.


LaTeX Warning: There were multiply-defined labels.

 ) 
Here is how much of TeX's memory you used:
 5088 strings out of 494847
 87850 string characters out of 6179080
 319180 words of memory out of 5000000
 8324 multiletter control sequences out of 15000+600000
 11380 words of font info for 41 fonts, out of 8000000 for 9000
 59 hyphenation exceptions out of 8191
 42i,11n,50p,840b,703s stack positions out of 5000i,500n,10000p,200000b,80000s
</usr/share/texlive/texmf-dist/fonts/type1/public/amsfonts/cm/cmbx10.pfb></us
r/share/texlive/texmf-dist/fonts/type1/public/amsfonts/cm/cmbx12.pfb></usr/shar
e/texlive/texmf-dist/fonts/type1/public/amsfonts/cm/cmex10.pfb></usr/share/texl
ive/texmf-dist/fonts/type1/public/amsfonts/cm/cmmi10.pfb></usr/share/texlive/te
xmf-dist/fonts/type1/public/amsfonts/cm/cmmi8.pfb></usr/share/texlive/texmf-dis
t/fonts/type1/public/amsfonts/cm/cmr10.pfb></usr/share/texlive/texmf-dist/fonts
/type1/public/amsfonts/cm/cmr12.pfb></usr/share/texlive/texmf-dist/fonts/type1/
public/amsfonts/cm/cmr6.pfb></usr/share/texlive/texmf-dist/fonts/type1/public/a
msfonts/cm/cmr8.pfb></usr/share/texlive/texmf-dist/fonts/type1/public/amsfonts/
cm/cmr9.pfb></usr/share/texlive/texmf-dist/fonts/type1/public/amsfonts/cm/cmsy1
0.pfb></usr/share/texlive/texmf-dist/fonts/type1/public/amsfonts/cm/cmsy8.pfb>
Output written on methods.pdf (20 pages, 1177303 bytes).
PDF statistics:
 150 PDF objects out of 1000 (max. 8388607)
 83 compressed objects within 1 object stream
 0 named destinations out of 1000 (max. 500000)
 81 words of extra memory for PDF output out of 10000 (max. 10000000)

